<?xml version="1.0" encoding="UTF-8"?>
<!-- Generated by org.testng.reporters.JUnitReportReporter -->
<testsuite skipped="0" hostname="DESKTOP-3GE8PS9" name="com.training.sanity.tests.UFM033" tests="4" failures="0" timestamp="02 Jul 2019 06:57:11 GMT" time="31.030" errors="0">
  <testcase name="addtocart" time="6.676" classname="com.training.sanity.tests.UFM033"/>
  <testcase name="checkout" time="4.134" classname="com.training.sanity.tests.UFM033"/>
  <testcase name="orderconfirmationpage" time="6.747" classname="com.training.sanity.tests.UFM033"/>
  <testcase name="deliverymethod" time="13.473" classname="com.training.sanity.tests.UFM033"/>
</testsuite> <!-- com.training.sanity.tests.UFM033 -->
