<?xml version="1.0" encoding="UTF-8"?>
<!-- Generated by org.testng.reporters.JUnitReportReporter -->
<testsuite skipped="0" hostname="DESKTOP-3GE8PS9" name="com.training.regression.tests.LoginMultipleValuesTest" tests="2" failures="0" timestamp="14 Jul 2019 17:14:50 GMT" time="53.163" errors="0">
  <testcase name="testMethod1" time="30.881" classname="com.training.regression.tests.LoginMultipleValuesTest"/>
  <testcase name="testMethod1" time="22.282" classname="com.training.regression.tests.LoginMultipleValuesTest"/>
</testsuite> <!-- com.training.regression.tests.LoginMultipleValuesTest -->
