<?xml version="1.0" encoding="UTF-8"?>
<!-- Generated by org.testng.reporters.JUnitReportReporter -->
<testsuite skipped="0" hostname="DESKTOP-3GE8PS9" name="com.training.regression.tests.LoginDBTest" tests="2" failures="0" timestamp="14 Jul 2019 17:10:59 GMT" time="29.991" errors="0">
  <testcase name="loginDBTest" time="16.650" classname="com.training.regression.tests.LoginDBTest"/>
  <testcase name="loginDBTest" time="13.341" classname="com.training.regression.tests.LoginDBTest"/>
</testsuite> <!-- com.training.regression.tests.LoginDBTest -->
