<?xml version="1.0" encoding="UTF-8"?>
<!-- Generated by org.testng.reporters.JUnitReportReporter -->
<testsuite skipped="0" hostname="DESKTOP-3GE8PS9" name="com.training.sanity.tests.uniform" tests="2" failures="0" timestamp="08 Jul 2019 06:17:13 GMT" time="15.728" errors="0">
  <testcase name="registrationpass" time="2.345" classname="com.training.sanity.tests.uniform"/>
  <testcase name="validLoginTest" time="13.383" classname="com.training.sanity.tests.uniform"/>
</testsuite> <!-- com.training.sanity.tests.uniform -->
