<?xml version="1.0" encoding="UTF-8"?>
<!-- Generated by org.testng.reporters.JUnitReportReporter -->
<testsuite skipped="0" hostname="DESKTOP-3GE8PS9" name="com.training.sanity.tests.UNF062RetreiveData" tests="6" failures="0" timestamp="23 Jul 2019 05:54:20 GMT" time="102.706" errors="0">
  <testcase name="loginDBTest" time="16.576" classname="com.training.sanity.tests.UNF062RetreiveData"/>
  <testcase name="loginDBTest" time="15.739" classname="com.training.sanity.tests.UNF062RetreiveData"/>
  <testcase name="loginDBTest" time="15.230" classname="com.training.sanity.tests.UNF062RetreiveData"/>
  <testcase name="loginDBTest" time="20.763" classname="com.training.sanity.tests.UNF062RetreiveData"/>
  <testcase name="loginDBTest" time="19.284" classname="com.training.sanity.tests.UNF062RetreiveData"/>
  <testcase name="loginDBTest" time="15.114" classname="com.training.sanity.tests.UNF062RetreiveData"/>
</testsuite> <!-- com.training.sanity.tests.UNF062RetreiveData -->
