<?xml version="1.0" encoding="UTF-8"?>
<!-- Generated by org.testng.reporters.JUnitReportReporter -->
<testsuite skipped="0" hostname="DESKTOP-3GE8PS9" name="com.training.regression.tests.UNFLoginDBTest001" tests="2" failures="0" timestamp="19 Jul 2019 08:22:11 GMT" time="157.682" errors="0">
  <testcase name="loginDBTest" time="67.985" classname="com.training.regression.tests.UNFLoginDBTest001"/>
  <testcase name="loginDBTest" time="89.697" classname="com.training.regression.tests.UNFLoginDBTest001"/>
</testsuite> <!-- com.training.regression.tests.UNFLoginDBTest001 -->
